  EmptyProject.cpp
  cPlayer.cpp
C:\Users\daun4\OneDrive\바탕 화면\포트폴리오\슈팅게임\cPlayer.cpp(119,44): warning C4244:  '인수': 'LONG'에서 'FLOAT'(으)로 변환하면서 데이터가 손실될 수 있습니다.
C:\Users\daun4\OneDrive\바탕 화면\포트폴리오\슈팅게임\cPlayer.cpp(119,29): warning C4244:  '인수': 'LONG'에서 'FLOAT'(으)로 변환하면서 데이터가 손실될 수 있습니다.
C:\Users\daun4\OneDrive\바탕 화면\포트폴리오\슈팅게임\cPlayer.cpp(119,85): warning C4244:  '인수': 'LONG'에서 'FLOAT'(으)로 변환하면서 데이터가 손실될 수 있습니다.
C:\Users\daun4\OneDrive\바탕 화면\포트폴리오\슈팅게임\cPlayer.cpp(119,71): warning C4244:  '인수': 'LONG'에서 'FLOAT'(으)로 변환하면서 데이터가 손실될 수 있습니다.
C:\Users\daun4\OneDrive\바탕 화면\포트폴리오\슈팅게임\cPlayer.cpp(122,44): warning C4244:  '인수': 'LONG'에서 'FLOAT'(으)로 변환하면서 데이터가 손실될 수 있습니다.
C:\Users\daun4\OneDrive\바탕 화면\포트폴리오\슈팅게임\cPlayer.cpp(122,29): warning C4244:  '인수': 'LONG'에서 'FLOAT'(으)로 변환하면서 데이터가 손실될 수 있습니다.
C:\Users\daun4\OneDrive\바탕 화면\포트폴리오\슈팅게임\cPlayer.cpp(122,87): warning C4244:  '인수': 'LONG'에서 'FLOAT'(으)로 변환하면서 데이터가 손실될 수 있습니다.
C:\Users\daun4\OneDrive\바탕 화면\포트폴리오\슈팅게임\cPlayer.cpp(122,73): warning C4244:  '인수': 'LONG'에서 'FLOAT'(으)로 변환하면서 데이터가 손실될 수 있습니다.
C:\Users\daun4\OneDrive\바탕 화면\포트폴리오\슈팅게임\cPlayer.cpp(132,69): warning C4244:  '인수': 'LONG'에서 'float'(으)로 변환하면서 데이터가 손실될 수 있습니다.
C:\Users\daun4\OneDrive\바탕 화면\포트폴리오\슈팅게임\cPlayer.cpp(132,37): warning C4244:  '인수': 'LONG'에서 'float'(으)로 변환하면서 데이터가 손실될 수 있습니다.
C:\Users\daun4\OneDrive\바탕 화면\포트폴리오\슈팅게임\cPlayer.cpp(136,42): warning C4244:  '인수': 'LONG'에서 'FLOAT'(으)로 변환하면서 데이터가 손실될 수 있습니다.
C:\Users\daun4\OneDrive\바탕 화면\포트폴리오\슈팅게임\cPlayer.cpp(136,27): warning C4244:  '인수': 'LONG'에서 'FLOAT'(으)로 변환하면서 데이터가 손실될 수 있습니다.
C:\Users\daun4\OneDrive\바탕 화면\포트폴리오\슈팅게임\cPlayer.cpp(136,83): warning C4244:  '인수': 'LONG'에서 'FLOAT'(으)로 변환하면서 데이터가 손실될 수 있습니다.
C:\Users\daun4\OneDrive\바탕 화면\포트폴리오\슈팅게임\cPlayer.cpp(136,69): warning C4244:  '인수': 'LONG'에서 'FLOAT'(으)로 변환하면서 데이터가 손실될 수 있습니다.
C:\Users\daun4\OneDrive\바탕 화면\포트폴리오\슈팅게임\cPlayer.cpp(138,42): warning C4244:  '인수': 'LONG'에서 'FLOAT'(으)로 변환하면서 데이터가 손실될 수 있습니다.
C:\Users\daun4\OneDrive\바탕 화면\포트폴리오\슈팅게임\cPlayer.cpp(138,27): warning C4244:  '인수': 'LONG'에서 'FLOAT'(으)로 변환하면서 데이터가 손실될 수 있습니다.
C:\Users\daun4\OneDrive\바탕 화면\포트폴리오\슈팅게임\cPlayer.cpp(138,83): warning C4244:  '인수': 'LONG'에서 'FLOAT'(으)로 변환하면서 데이터가 손실될 수 있습니다.
C:\Users\daun4\OneDrive\바탕 화면\포트폴리오\슈팅게임\cPlayer.cpp(138,69): warning C4244:  '인수': 'LONG'에서 'FLOAT'(으)로 변환하면서 데이터가 손실될 수 있습니다.
C:\Users\daun4\OneDrive\바탕 화면\포트폴리오\슈팅게임\cPlayer.cpp(140,42): warning C4244:  '인수': 'LONG'에서 'FLOAT'(으)로 변환하면서 데이터가 손실될 수 있습니다.
C:\Users\daun4\OneDrive\바탕 화면\포트폴리오\슈팅게임\cPlayer.cpp(140,27): warning C4244:  '인수': 'LONG'에서 'FLOAT'(으)로 변환하면서 데이터가 손실될 수 있습니다.
C:\Users\daun4\OneDrive\바탕 화면\포트폴리오\슈팅게임\cPlayer.cpp(140,83): warning C4244:  '인수': 'LONG'에서 'FLOAT'(으)로 변환하면서 데이터가 손실될 수 있습니다.
C:\Users\daun4\OneDrive\바탕 화면\포트폴리오\슈팅게임\cPlayer.cpp(140,69): warning C4244:  '인수': 'LONG'에서 'FLOAT'(으)로 변환하면서 데이터가 손실될 수 있습니다.
C:\Users\daun4\OneDrive\바탕 화면\포트폴리오\슈팅게임\cPlayer.cpp(144,42): warning C4244:  '인수': 'LONG'에서 'FLOAT'(으)로 변환하면서 데이터가 손실될 수 있습니다.
C:\Users\daun4\OneDrive\바탕 화면\포트폴리오\슈팅게임\cPlayer.cpp(144,27): warning C4244:  '인수': 'LONG'에서 'FLOAT'(으)로 변환하면서 데이터가 손실될 수 있습니다.
C:\Users\daun4\OneDrive\바탕 화면\포트폴리오\슈팅게임\cPlayer.cpp(144,83): warning C4244:  '인수': 'LONG'에서 'FLOAT'(으)로 변환하면서 데이터가 손실될 수 있습니다.
C:\Users\daun4\OneDrive\바탕 화면\포트폴리오\슈팅게임\cPlayer.cpp(144,69): warning C4244:  '인수': 'LONG'에서 'FLOAT'(으)로 변환하면서 데이터가 손실될 수 있습니다.
C:\Users\daun4\OneDrive\바탕 화면\포트폴리오\슈팅게임\cPlayer.cpp(146,42): warning C4244:  '인수': 'LONG'에서 'FLOAT'(으)로 변환하면서 데이터가 손실될 수 있습니다.
C:\Users\daun4\OneDrive\바탕 화면\포트폴리오\슈팅게임\cPlayer.cpp(146,27): warning C4244:  '인수': 'LONG'에서 'FLOAT'(으)로 변환하면서 데이터가 손실될 수 있습니다.
C:\Users\daun4\OneDrive\바탕 화면\포트폴리오\슈팅게임\cPlayer.cpp(146,83): warning C4244:  '인수': 'LONG'에서 'FLOAT'(으)로 변환하면서 데이터가 손실될 수 있습니다.
C:\Users\daun4\OneDrive\바탕 화면\포트폴리오\슈팅게임\cPlayer.cpp(146,69): warning C4244:  '인수': 'LONG'에서 'FLOAT'(으)로 변환하면서 데이터가 손실될 수 있습니다.
C:\Users\daun4\OneDrive\바탕 화면\포트폴리오\슈팅게임\cPlayer.cpp(148,42): warning C4244:  '인수': 'LONG'에서 'FLOAT'(으)로 변환하면서 데이터가 손실될 수 있습니다.
C:\Users\daun4\OneDrive\바탕 화면\포트폴리오\슈팅게임\cPlayer.cpp(148,27): warning C4244:  '인수': 'LONG'에서 'FLOAT'(으)로 변환하면서 데이터가 손실될 수 있습니다.
C:\Users\daun4\OneDrive\바탕 화면\포트폴리오\슈팅게임\cPlayer.cpp(148,83): warning C4244:  '인수': 'LONG'에서 'FLOAT'(으)로 변환하면서 데이터가 손실될 수 있습니다.
C:\Users\daun4\OneDrive\바탕 화면\포트폴리오\슈팅게임\cPlayer.cpp(148,69): warning C4244:  '인수': 'LONG'에서 'FLOAT'(으)로 변환하면서 데이터가 손실될 수 있습니다.
C:\Users\daun4\OneDrive\바탕 화면\포트폴리오\슈팅게임\cPlayer.cpp(150,42): warning C4244:  '인수': 'LONG'에서 'FLOAT'(으)로 변환하면서 데이터가 손실될 수 있습니다.
C:\Users\daun4\OneDrive\바탕 화면\포트폴리오\슈팅게임\cPlayer.cpp(150,27): warning C4244:  '인수': 'LONG'에서 'FLOAT'(으)로 변환하면서 데이터가 손실될 수 있습니다.
C:\Users\daun4\OneDrive\바탕 화면\포트폴리오\슈팅게임\cPlayer.cpp(150,83): warning C4244:  '인수': 'LONG'에서 'FLOAT'(으)로 변환하면서 데이터가 손실될 수 있습니다.
C:\Users\daun4\OneDrive\바탕 화면\포트폴리오\슈팅게임\cPlayer.cpp(150,69): warning C4244:  '인수': 'LONG'에서 'FLOAT'(으)로 변환하면서 데이터가 손실될 수 있습니다.
C:\Users\daun4\OneDrive\바탕 화면\포트폴리오\슈팅게임\cPlayer.cpp(154,42): warning C4244:  '인수': 'LONG'에서 'FLOAT'(으)로 변환하면서 데이터가 손실될 수 있습니다.
C:\Users\daun4\OneDrive\바탕 화면\포트폴리오\슈팅게임\cPlayer.cpp(154,27): warning C4244:  '인수': 'LONG'에서 'FLOAT'(으)로 변환하면서 데이터가 손실될 수 있습니다.
C:\Users\daun4\OneDrive\바탕 화면\포트폴리오\슈팅게임\cPlayer.cpp(154,83): warning C4244:  '인수': 'LONG'에서 'FLOAT'(으)로 변환하면서 데이터가 손실될 수 있습니다.
C:\Users\daun4\OneDrive\바탕 화면\포트폴리오\슈팅게임\cPlayer.cpp(154,69): warning C4244:  '인수': 'LONG'에서 'FLOAT'(으)로 변환하면서 데이터가 손실될 수 있습니다.
C:\Users\daun4\OneDrive\바탕 화면\포트폴리오\슈팅게임\cPlayer.cpp(156,42): warning C4244:  '인수': 'LONG'에서 'FLOAT'(으)로 변환하면서 데이터가 손실될 수 있습니다.
C:\Users\daun4\OneDrive\바탕 화면\포트폴리오\슈팅게임\cPlayer.cpp(156,27): warning C4244:  '인수': 'LONG'에서 'FLOAT'(으)로 변환하면서 데이터가 손실될 수 있습니다.
C:\Users\daun4\OneDrive\바탕 화면\포트폴리오\슈팅게임\cPlayer.cpp(156,83): warning C4244:  '인수': 'LONG'에서 'FLOAT'(으)로 변환하면서 데이터가 손실될 수 있습니다.
C:\Users\daun4\OneDrive\바탕 화면\포트폴리오\슈팅게임\cPlayer.cpp(156,69): warning C4244:  '인수': 'LONG'에서 'FLOAT'(으)로 변환하면서 데이터가 손실될 수 있습니다.
C:\Users\daun4\OneDrive\바탕 화면\포트폴리오\슈팅게임\cPlayer.cpp(158,42): warning C4244:  '인수': 'LONG'에서 'FLOAT'(으)로 변환하면서 데이터가 손실될 수 있습니다.
C:\Users\daun4\OneDrive\바탕 화면\포트폴리오\슈팅게임\cPlayer.cpp(158,27): warning C4244:  '인수': 'LONG'에서 'FLOAT'(으)로 변환하면서 데이터가 손실될 수 있습니다.
C:\Users\daun4\OneDrive\바탕 화면\포트폴리오\슈팅게임\cPlayer.cpp(158,83): warning C4244:  '인수': 'LONG'에서 'FLOAT'(으)로 변환하면서 데이터가 손실될 수 있습니다.
C:\Users\daun4\OneDrive\바탕 화면\포트폴리오\슈팅게임\cPlayer.cpp(158,69): warning C4244:  '인수': 'LONG'에서 'FLOAT'(으)로 변환하면서 데이터가 손실될 수 있습니다.
C:\Users\daun4\OneDrive\바탕 화면\포트폴리오\슈팅게임\cPlayer.cpp(160,42): warning C4244:  '인수': 'LONG'에서 'FLOAT'(으)로 변환하면서 데이터가 손실될 수 있습니다.
C:\Users\daun4\OneDrive\바탕 화면\포트폴리오\슈팅게임\cPlayer.cpp(160,27): warning C4244:  '인수': 'LONG'에서 'FLOAT'(으)로 변환하면서 데이터가 손실될 수 있습니다.
C:\Users\daun4\OneDrive\바탕 화면\포트폴리오\슈팅게임\cPlayer.cpp(160,83): warning C4244:  '인수': 'LONG'에서 'FLOAT'(으)로 변환하면서 데이터가 손실될 수 있습니다.
C:\Users\daun4\OneDrive\바탕 화면\포트폴리오\슈팅게임\cPlayer.cpp(160,69): warning C4244:  '인수': 'LONG'에서 'FLOAT'(으)로 변환하면서 데이터가 손실될 수 있습니다.
C:\Users\daun4\OneDrive\바탕 화면\포트폴리오\슈팅게임\cPlayer.cpp(190,51): warning C4838:  'UINT'에서 'LONG'(으)로의 변환에는 축소 변환이 필요합니다.
  코드를 생성하고 있습니다...
C:\Users\daun4\OneDrive\바탕 화면\포트폴리오\슈팅게임\cPlayer.cpp(190,90): warning C4838:  'UINT'에서 'LONG'(으)로의 변환에는 축소 변환이 필요합니다.
cBullet.obj : warning LNK4075: '/EDITANDCONTINUE'이(가) '/SAFESEH' 사양으로 인해 무시됩니다.
  EmptyProject_2010.vcxproj -> C:\Users\daun4\OneDrive\바탕 화면\포트폴리오\슈팅게임\Debug\EmptyProject.exe
