  DXUT.cpp
C:\Program Files (x86)\Microsoft DirectX SDK (June 2010)\Include\dxgitype.h(12,1): warning C4005:  'DXGI_STATUS_OCCLUDED': 매크로 재정의
C:\Program Files (x86)\Windows Kits\10\Include\10.0.17763.0\shared\winerror.h(55460): message :  'DXGI_STATUS_OCCLUDED'의 이전 정의를 참조하십시오.
C:\Program Files (x86)\Microsoft DirectX SDK (June 2010)\Include\dxgitype.h(13,1): warning C4005:  'DXGI_STATUS_CLIPPED': 매크로 재정의
C:\Program Files (x86)\Windows Kits\10\Include\10.0.17763.0\shared\winerror.h(55469): message :  'DXGI_STATUS_CLIPPED'의 이전 정의를 참조하십시오.
C:\Program Files (x86)\Microsoft DirectX SDK (June 2010)\Include\dxgitype.h(14,1): warning C4005:  'DXGI_STATUS_NO_REDIRECTION': 매크로 재정의
C:\Program Files (x86)\Windows Kits\10\Include\10.0.17763.0\shared\winerror.h(55478): message :  'DXGI_STATUS_NO_REDIRECTION'의 이전 정의를 참조하십시오.
C:\Program Files (x86)\Microsoft DirectX SDK (June 2010)\Include\dxgitype.h(15,1): warning C4005:  'DXGI_STATUS_NO_DESKTOP_ACCESS': 매크로 재정의
C:\Program Files (x86)\Windows Kits\10\Include\10.0.17763.0\shared\winerror.h(55487): message :  'DXGI_STATUS_NO_DESKTOP_ACCESS'의 이전 정의를 참조하십시오.
C:\Program Files (x86)\Microsoft DirectX SDK (June 2010)\Include\dxgitype.h(16,1): warning C4005:  'DXGI_STATUS_GRAPHICS_VIDPN_SOURCE_IN_USE': 매크로 재정의
C:\Program Files (x86)\Windows Kits\10\Include\10.0.17763.0\shared\winerror.h(55496): message :  'DXGI_STATUS_GRAPHICS_VIDPN_SOURCE_IN_USE'의 이전 정의를 참조하십시오.
C:\Program Files (x86)\Microsoft DirectX SDK (June 2010)\Include\dxgitype.h(17,1): warning C4005:  'DXGI_STATUS_MODE_CHANGED': 매크로 재정의
C:\Program Files (x86)\Windows Kits\10\Include\10.0.17763.0\shared\winerror.h(55505): message :  'DXGI_STATUS_MODE_CHANGED'의 이전 정의를 참조하십시오.
C:\Program Files (x86)\Microsoft DirectX SDK (June 2010)\Include\dxgitype.h(18,1): warning C4005:  'DXGI_STATUS_MODE_CHANGE_IN_PROGRESS': 매크로 재정의
C:\Program Files (x86)\Windows Kits\10\Include\10.0.17763.0\shared\winerror.h(55514): message :  'DXGI_STATUS_MODE_CHANGE_IN_PROGRESS'의 이전 정의를 참조하십시오.
C:\Program Files (x86)\Microsoft DirectX SDK (June 2010)\Include\dxgitype.h(21,1): warning C4005:  'DXGI_ERROR_INVALID_CALL': 매크로 재정의
C:\Program Files (x86)\Windows Kits\10\Include\10.0.17763.0\shared\winerror.h(55529): message :  'DXGI_ERROR_INVALID_CALL'의 이전 정의를 참조하십시오.
C:\Program Files (x86)\Microsoft DirectX SDK (June 2010)\Include\dxgitype.h(22,1): warning C4005:  'DXGI_ERROR_NOT_FOUND': 매크로 재정의
C:\Program Files (x86)\Windows Kits\10\Include\10.0.17763.0\shared\winerror.h(55538): message :  'DXGI_ERROR_NOT_FOUND'의 이전 정의를 참조하십시오.
C:\Program Files (x86)\Microsoft DirectX SDK (June 2010)\Include\dxgitype.h(23,1): warning C4005:  'DXGI_ERROR_MORE_DATA': 매크로 재정의
C:\Program Files (x86)\Windows Kits\10\Include\10.0.17763.0\shared\winerror.h(55547): message :  'DXGI_ERROR_MORE_DATA'의 이전 정의를 참조하십시오.
C:\Program Files (x86)\Microsoft DirectX SDK (June 2010)\Include\dxgitype.h(24,1): warning C4005:  'DXGI_ERROR_UNSUPPORTED': 매크로 재정의
C:\Program Files (x86)\Windows Kits\10\Include\10.0.17763.0\shared\winerror.h(55556): message :  'DXGI_ERROR_UNSUPPORTED'의 이전 정의를 참조하십시오.
C:\Program Files (x86)\Microsoft DirectX SDK (June 2010)\Include\dxgitype.h(25,1): warning C4005:  'DXGI_ERROR_DEVICE_REMOVED': 매크로 재정의
C:\Program Files (x86)\Windows Kits\10\Include\10.0.17763.0\shared\winerror.h(55565): message :  'DXGI_ERROR_DEVICE_REMOVED'의 이전 정의를 참조하십시오.
C:\Program Files (x86)\Microsoft DirectX SDK (June 2010)\Include\dxgitype.h(26,1): warning C4005:  'DXGI_ERROR_DEVICE_HUNG': 매크로 재정의
C:\Program Files (x86)\Windows Kits\10\Include\10.0.17763.0\shared\winerror.h(55574): message :  'DXGI_ERROR_DEVICE_HUNG'의 이전 정의를 참조하십시오.
C:\Program Files (x86)\Microsoft DirectX SDK (June 2010)\Include\dxgitype.h(27,1): warning C4005:  'DXGI_ERROR_DEVICE_RESET': 매크로 재정의
C:\Program Files (x86)\Windows Kits\10\Include\10.0.17763.0\shared\winerror.h(55584): message :  'DXGI_ERROR_DEVICE_RESET'의 이전 정의를 참조하십시오.
C:\Program Files (x86)\Microsoft DirectX SDK (June 2010)\Include\dxgitype.h(28,1): warning C4005:  'DXGI_ERROR_WAS_STILL_DRAWING': 매크로 재정의
C:\Program Files (x86)\Windows Kits\10\Include\10.0.17763.0\shared\winerror.h(55593): message :  'DXGI_ERROR_WAS_STILL_DRAWING'의 이전 정의를 참조하십시오.
C:\Program Files (x86)\Microsoft DirectX SDK (June 2010)\Include\dxgitype.h(29,1): warning C4005:  'DXGI_ERROR_FRAME_STATISTICS_DISJOINT': 매크로 재정의
C:\Program Files (x86)\Windows Kits\10\Include\10.0.17763.0\shared\winerror.h(55603): message :  'DXGI_ERROR_FRAME_STATISTICS_DISJOINT'의 이전 정의를 참조하십시오.
C:\Program Files (x86)\Microsoft DirectX SDK (June 2010)\Include\dxgitype.h(30,1): warning C4005:  'DXGI_ERROR_GRAPHICS_VIDPN_SOURCE_IN_USE': 매크로 재정의
C:\Program Files (x86)\Windows Kits\10\Include\10.0.17763.0\shared\winerror.h(55612): message :  'DXGI_ERROR_GRAPHICS_VIDPN_SOURCE_IN_USE'의 이전 정의를 참조하십시오.
C:\Program Files (x86)\Microsoft DirectX SDK (June 2010)\Include\dxgitype.h(31,1): warning C4005:  'DXGI_ERROR_DRIVER_INTERNAL_ERROR': 매크로 재정의
C:\Program Files (x86)\Windows Kits\10\Include\10.0.17763.0\shared\winerror.h(55622): message :  'DXGI_ERROR_DRIVER_INTERNAL_ERROR'의 이전 정의를 참조하십시오.
C:\Program Files (x86)\Microsoft DirectX SDK (June 2010)\Include\dxgitype.h(32,1): warning C4005:  'DXGI_ERROR_NONEXCLUSIVE': 매크로 재정의
C:\Program Files (x86)\Windows Kits\10\Include\10.0.17763.0\shared\winerror.h(55631): message :  'DXGI_ERROR_NONEXCLUSIVE'의 이전 정의를 참조하십시오.
C:\Program Files (x86)\Microsoft DirectX SDK (June 2010)\Include\dxgitype.h(33,1): warning C4005:  'DXGI_ERROR_NOT_CURRENTLY_AVAILABLE': 매크로 재정의
C:\Program Files (x86)\Windows Kits\10\Include\10.0.17763.0\shared\winerror.h(55640): message :  'DXGI_ERROR_NOT_CURRENTLY_AVAILABLE'의 이전 정의를 참조하십시오.
C:\Program Files (x86)\Microsoft DirectX SDK (June 2010)\Include\dxgitype.h(34,1): warning C4005:  'DXGI_ERROR_REMOTE_CLIENT_DISCONNECTED': 매크로 재정의
C:\Program Files (x86)\Windows Kits\10\Include\10.0.17763.0\shared\winerror.h(55650): message :  'DXGI_ERROR_REMOTE_CLIENT_DISCONNECTED'의 이전 정의를 참조하십시오.
C:\Program Files (x86)\Microsoft DirectX SDK (June 2010)\Include\dxgitype.h(35,1): warning C4005:  'DXGI_ERROR_REMOTE_OUTOFMEMORY': 매크로 재정의
C:\Program Files (x86)\Windows Kits\10\Include\10.0.17763.0\shared\winerror.h(55659): message :  'DXGI_ERROR_REMOTE_OUTOFMEMORY'의 이전 정의를 참조하십시오.
C:\Program Files (x86)\Microsoft DirectX SDK (June 2010)\Include\d3d10.h(608,1): warning C4005:  'D3D10_ERROR_TOO_MANY_UNIQUE_STATE_OBJECTS': 매크로 재정의
C:\Program Files (x86)\Windows Kits\10\Include\10.0.17763.0\shared\winerror.h(55899): message :  'D3D10_ERROR_TOO_MANY_UNIQUE_STATE_OBJECTS'의 이전 정의를 참조하십시오.
C:\Program Files (x86)\Microsoft DirectX SDK (June 2010)\Include\d3d10.h(609,1): warning C4005:  'D3D10_ERROR_FILE_NOT_FOUND': 매크로 재정의
C:\Program Files (x86)\Windows Kits\10\Include\10.0.17763.0\shared\winerror.h(55908): message :  'D3D10_ERROR_FILE_NOT_FOUND'의 이전 정의를 참조하십시오.
C:\Users\daun4\OneDrive\바탕 화면\진행중인 프로젝트\EmptyProject\cGameManager.h(47,41): warning C4458:  'p' 선언은 클래스 멤버를 숨깁니다.
C:\Users\daun4\OneDrive\바탕 화면\진행중인 프로젝트\EmptyProject\singleton.h(12,12): message :  'singleton<cGameManager>::p' 선언을 참조하십시오.
C:\Users\daun4\OneDrive\바탕 화면\진행중인 프로젝트\EmptyProject\DXUT\Core\DXUT.cpp(696,131): warning C4838:  'UINT'에서 'LONG'(으)로의 변환에는 축소 변환이 필요합니다.
C:\Users\daun4\OneDrive\바탕 화면\진행중인 프로젝트\EmptyProject\DXUT\Core\DXUT.cpp(696,187): warning C4838:  'UINT'에서 'LONG'(으)로의 변환에는 축소 변환이 필요합니다.
C:\Users\daun4\OneDrive\바탕 화면\진행중인 프로젝트\EmptyProject\DXUT\Core\DXUT.cpp(697,135): warning C4838:  'UINT'에서 'LONG'(으)로의 변환에는 축소 변환이 필요합니다.
C:\Users\daun4\OneDrive\바탕 화면\진행중인 프로젝트\EmptyProject\DXUT\Core\DXUT.cpp(697,195): warning C4838:  'UINT'에서 'LONG'(으)로의 변환에는 축소 변환이 필요합니다.
C:\Users\daun4\OneDrive\바탕 화면\진행중인 프로젝트\EmptyProject\DXUT\Core\DXUT.cpp(4961,1): warning C4996:  'GetVersionExW': deprecated로 선언되었습니다.
C:\Program Files (x86)\Windows Kits\10\Include\10.0.17763.0\um\sysinfoapi.h(387): message :  'GetVersionExW' 선언을 참조하십시오.
  DXUTenum.cpp
  DXUTmisc.cpp
C:\Users\daun4\OneDrive\바탕 화면\진행중인 프로젝트\EmptyProject\DXUT\Core\DXUTmisc.cpp(1263,1): warning C4996:  'GetVersionExA': deprecated로 선언되었습니다.
  DXUTcamera.cpp
  DXUTgui.cpp
C:\Program Files (x86)\Windows Kits\10\Include\10.0.17763.0\um\sysinfoapi.h(378): message :  'GetVersionExA' 선언을 참조하십시오.
C:\Users\daun4\OneDrive\바탕 화면\진행중인 프로젝트\EmptyProject\DXUT\Optional\DXUTgui.cpp(6846,37): warning C4458:  'iTexture' 선언은 클래스 멤버를 숨깁니다.
C:\Users\daun4\OneDrive\바탕 화면\진행중인 프로젝트\EmptyProject\DXUT\Optional\DXUTgui.h(109,10): message :  'CDXUTElement::iTexture' 선언을 참조하십시오.
C:\Users\daun4\OneDrive\바탕 화면\진행중인 프로젝트\EmptyProject\DXUT\Optional\DXUTgui.cpp(6860,34): warning C4458:  'iFont' 선언은 클래스 멤버를 숨깁니다.
C:\Users\daun4\OneDrive\바탕 화면\진행중인 프로젝트\EmptyProject\DXUT\Optional\DXUTgui.h(110,10): message :  'CDXUTElement::iFont' 선언을 참조하십시오.
C:\Users\daun4\OneDrive\바탕 화면\진행중인 프로젝트\EmptyProject\DXUT\Optional\DXUTgui.cpp(6860,74): warning C4458:  'dwTextFormat' 선언은 클래스 멤버를 숨깁니다.
  DXUTres.cpp
  DXUTsettingsdlg.cpp
  SDKmesh.cpp
  SDKmisc.cpp
  EmptyProject.cpp
  cAnglerfish.cpp
  cBullet.cpp
  cBulletAdmin.cpp
  cButton.cpp
C:\Users\daun4\OneDrive\바탕 화면\진행중인 프로젝트\EmptyProject\DXUT\Optional\DXUTgui.h(111,11): message :  'CDXUTElement::dwTextFormat' 선언을 참조하십시오.
C:\Users\daun4\OneDrive\바탕 화면\진행중인 프로젝트\EmptyProject\cButton.cpp(69,53): warning C4244:  '인수': 'LONG'에서 'float'(으)로 변환하면서 데이터가 손실될 수 있습니다.
C:\Users\daun4\OneDrive\바탕 화면\진행중인 프로젝트\EmptyProject\cButton.cpp(69,44): warning C4244:  '인수': 'LONG'에서 'float'(으)로 변환하면서 데이터가 손실될 수 있습니다.
C:\Users\daun4\OneDrive\바탕 화면\진행중인 프로젝트\EmptyProject\cButton.cpp(72,56): warning C4244:  '인수': 'LONG'에서 'float'(으)로 변환하면서 데이터가 손실될 수 있습니다.
C:\Users\daun4\OneDrive\바탕 화면\진행중인 프로젝트\EmptyProject\cButton.cpp(72,47): warning C4244:  '인수': 'LONG'에서 'float'(으)로 변환하면서 데이터가 손실될 수 있습니다.
C:\Users\daun4\OneDrive\바탕 화면\진행중인 프로젝트\EmptyProject\cButton.cpp(75,53): warning C4244:  '인수': 'LONG'에서 'float'(으)로 변환하면서 데이터가 손실될 수 있습니다.
  cEnemy.cpp
  cEnemyAdmin.cpp
  cEnemyBullet.cpp
  cFish.cpp
  cFps.cpp
  cGameManager.cpp
  cImgManager.cpp
C:\Users\daun4\OneDrive\바탕 화면\진행중인 프로젝트\EmptyProject\cButton.cpp(75,44): warning C4244:  '인수': 'LONG'에서 'float'(으)로 변환하면서 데이터가 손실될 수 있습니다.
C:\Users\daun4\OneDrive\바탕 화면\진행중인 프로젝트\EmptyProject\cImgManager.cpp(32,1): warning C4996:  'sprintf': This function or variable may be unsafe. Consider using sprintf_s instead. To disable deprecation, use _CRT_SECURE_NO_WARNINGS. See online help for details.
  컴파일하고 있습니다...
  cInGameScene.cpp
  cInputManager.cpp
  cLoadScene.cpp
C:\Program Files (x86)\Windows Kits\10\Include\10.0.17763.0\ucrt\stdio.h(1774): message :  'sprintf' 선언을 참조하십시오.
  cLobbyScene.cpp
C:\Users\daun4\OneDrive\바탕 화면\진행중인 프로젝트\EmptyProject\cLoadScene.cpp(124,39): warning C4244:  '=': 'float'에서 'LONG'(으)로 변환하면서 데이터가 손실될 수 있습니다.
C:\Users\daun4\OneDrive\바탕 화면\진행중인 프로젝트\EmptyProject\cLobbyScene.cpp(110,14): warning C4244:  '=': 'double'에서 'int'(으)로 변환하면서 데이터가 손실될 수 있습니다.
  cMainGame.cpp
  cPlayer.cpp
C:\Users\daun4\OneDrive\바탕 화면\진행중인 프로젝트\EmptyProject\cLobbyScene.cpp(111,29): warning C4244:  '인수': 'int'에서 'float'(으)로 변환하면서 데이터가 손실될 수 있습니다.
C:\Users\daun4\OneDrive\바탕 화면\진행중인 프로젝트\EmptyProject\cPlayer.cpp(103,44): warning C4244:  '인수': 'LONG'에서 'FLOAT'(으)로 변환하면서 데이터가 손실될 수 있습니다.
C:\Users\daun4\OneDrive\바탕 화면\진행중인 프로젝트\EmptyProject\cPlayer.cpp(103,29): warning C4244:  '인수': 'LONG'에서 'FLOAT'(으)로 변환하면서 데이터가 손실될 수 있습니다.
C:\Users\daun4\OneDrive\바탕 화면\진행중인 프로젝트\EmptyProject\cPlayer.cpp(103,85): warning C4244:  '인수': 'LONG'에서 'FLOAT'(으)로 변환하면서 데이터가 손실될 수 있습니다.
C:\Users\daun4\OneDrive\바탕 화면\진행중인 프로젝트\EmptyProject\cPlayer.cpp(103,71): warning C4244:  '인수': 'LONG'에서 'FLOAT'(으)로 변환하면서 데이터가 손실될 수 있습니다.
C:\Users\daun4\OneDrive\바탕 화면\진행중인 프로젝트\EmptyProject\cPlayer.cpp(106,44): warning C4244:  '인수': 'LONG'에서 'FLOAT'(으)로 변환하면서 데이터가 손실될 수 있습니다.
C:\Users\daun4\OneDrive\바탕 화면\진행중인 프로젝트\EmptyProject\cPlayer.cpp(106,29): warning C4244:  '인수': 'LONG'에서 'FLOAT'(으)로 변환하면서 데이터가 손실될 수 있습니다.
C:\Users\daun4\OneDrive\바탕 화면\진행중인 프로젝트\EmptyProject\cPlayer.cpp(106,87): warning C4244:  '인수': 'LONG'에서 'FLOAT'(으)로 변환하면서 데이터가 손실될 수 있습니다.
C:\Users\daun4\OneDrive\바탕 화면\진행중인 프로젝트\EmptyProject\cPlayer.cpp(106,73): warning C4244:  '인수': 'LONG'에서 'FLOAT'(으)로 변환하면서 데이터가 손실될 수 있습니다.
C:\Users\daun4\OneDrive\바탕 화면\진행중인 프로젝트\EmptyProject\cPlayer.cpp(116,69): warning C4244:  '인수': 'LONG'에서 'float'(으)로 변환하면서 데이터가 손실될 수 있습니다.
C:\Users\daun4\OneDrive\바탕 화면\진행중인 프로젝트\EmptyProject\cPlayer.cpp(116,37): warning C4244:  '인수': 'LONG'에서 'float'(으)로 변환하면서 데이터가 손실될 수 있습니다.
C:\Users\daun4\OneDrive\바탕 화면\진행중인 프로젝트\EmptyProject\cPlayer.cpp(120,42): warning C4244:  '인수': 'LONG'에서 'FLOAT'(으)로 변환하면서 데이터가 손실될 수 있습니다.
C:\Users\daun4\OneDrive\바탕 화면\진행중인 프로젝트\EmptyProject\cPlayer.cpp(120,27): warning C4244:  '인수': 'LONG'에서 'FLOAT'(으)로 변환하면서 데이터가 손실될 수 있습니다.
C:\Users\daun4\OneDrive\바탕 화면\진행중인 프로젝트\EmptyProject\cPlayer.cpp(120,83): warning C4244:  '인수': 'LONG'에서 'FLOAT'(으)로 변환하면서 데이터가 손실될 수 있습니다.
C:\Users\daun4\OneDrive\바탕 화면\진행중인 프로젝트\EmptyProject\cPlayer.cpp(120,69): warning C4244:  '인수': 'LONG'에서 'FLOAT'(으)로 변환하면서 데이터가 손실될 수 있습니다.
C:\Users\daun4\OneDrive\바탕 화면\진행중인 프로젝트\EmptyProject\cPlayer.cpp(122,42): warning C4244:  '인수': 'LONG'에서 'FLOAT'(으)로 변환하면서 데이터가 손실될 수 있습니다.
C:\Users\daun4\OneDrive\바탕 화면\진행중인 프로젝트\EmptyProject\cPlayer.cpp(122,27): warning C4244:  '인수': 'LONG'에서 'FLOAT'(으)로 변환하면서 데이터가 손실될 수 있습니다.
C:\Users\daun4\OneDrive\바탕 화면\진행중인 프로젝트\EmptyProject\cPlayer.cpp(122,83): warning C4244:  '인수': 'LONG'에서 'FLOAT'(으)로 변환하면서 데이터가 손실될 수 있습니다.
C:\Users\daun4\OneDrive\바탕 화면\진행중인 프로젝트\EmptyProject\cPlayer.cpp(122,69): warning C4244:  '인수': 'LONG'에서 'FLOAT'(으)로 변환하면서 데이터가 손실될 수 있습니다.
C:\Users\daun4\OneDrive\바탕 화면\진행중인 프로젝트\EmptyProject\cPlayer.cpp(124,42): warning C4244:  '인수': 'LONG'에서 'FLOAT'(으)로 변환하면서 데이터가 손실될 수 있습니다.
C:\Users\daun4\OneDrive\바탕 화면\진행중인 프로젝트\EmptyProject\cPlayer.cpp(124,27): warning C4244:  '인수': 'LONG'에서 'FLOAT'(으)로 변환하면서 데이터가 손실될 수 있습니다.
C:\Users\daun4\OneDrive\바탕 화면\진행중인 프로젝트\EmptyProject\cPlayer.cpp(124,83): warning C4244:  '인수': 'LONG'에서 'FLOAT'(으)로 변환하면서 데이터가 손실될 수 있습니다.
C:\Users\daun4\OneDrive\바탕 화면\진행중인 프로젝트\EmptyProject\cPlayer.cpp(124,69): warning C4244:  '인수': 'LONG'에서 'FLOAT'(으)로 변환하면서 데이터가 손실될 수 있습니다.
C:\Users\daun4\OneDrive\바탕 화면\진행중인 프로젝트\EmptyProject\cPlayer.cpp(128,42): warning C4244:  '인수': 'LONG'에서 'FLOAT'(으)로 변환하면서 데이터가 손실될 수 있습니다.
C:\Users\daun4\OneDrive\바탕 화면\진행중인 프로젝트\EmptyProject\cPlayer.cpp(128,27): warning C4244:  '인수': 'LONG'에서 'FLOAT'(으)로 변환하면서 데이터가 손실될 수 있습니다.
C:\Users\daun4\OneDrive\바탕 화면\진행중인 프로젝트\EmptyProject\cPlayer.cpp(128,83): warning C4244:  '인수': 'LONG'에서 'FLOAT'(으)로 변환하면서 데이터가 손실될 수 있습니다.
C:\Users\daun4\OneDrive\바탕 화면\진행중인 프로젝트\EmptyProject\cPlayer.cpp(128,69): warning C4244:  '인수': 'LONG'에서 'FLOAT'(으)로 변환하면서 데이터가 손실될 수 있습니다.
C:\Users\daun4\OneDrive\바탕 화면\진행중인 프로젝트\EmptyProject\cPlayer.cpp(130,42): warning C4244:  '인수': 'LONG'에서 'FLOAT'(으)로 변환하면서 데이터가 손실될 수 있습니다.
C:\Users\daun4\OneDrive\바탕 화면\진행중인 프로젝트\EmptyProject\cPlayer.cpp(130,27): warning C4244:  '인수': 'LONG'에서 'FLOAT'(으)로 변환하면서 데이터가 손실될 수 있습니다.
C:\Users\daun4\OneDrive\바탕 화면\진행중인 프로젝트\EmptyProject\cPlayer.cpp(130,83): warning C4244:  '인수': 'LONG'에서 'FLOAT'(으)로 변환하면서 데이터가 손실될 수 있습니다.
C:\Users\daun4\OneDrive\바탕 화면\진행중인 프로젝트\EmptyProject\cPlayer.cpp(130,69): warning C4244:  '인수': 'LONG'에서 'FLOAT'(으)로 변환하면서 데이터가 손실될 수 있습니다.
C:\Users\daun4\OneDrive\바탕 화면\진행중인 프로젝트\EmptyProject\cPlayer.cpp(132,42): warning C4244:  '인수': 'LONG'에서 'FLOAT'(으)로 변환하면서 데이터가 손실될 수 있습니다.
C:\Users\daun4\OneDrive\바탕 화면\진행중인 프로젝트\EmptyProject\cPlayer.cpp(132,27): warning C4244:  '인수': 'LONG'에서 'FLOAT'(으)로 변환하면서 데이터가 손실될 수 있습니다.
C:\Users\daun4\OneDrive\바탕 화면\진행중인 프로젝트\EmptyProject\cPlayer.cpp(132,83): warning C4244:  '인수': 'LONG'에서 'FLOAT'(으)로 변환하면서 데이터가 손실될 수 있습니다.
C:\Users\daun4\OneDrive\바탕 화면\진행중인 프로젝트\EmptyProject\cPlayer.cpp(132,69): warning C4244:  '인수': 'LONG'에서 'FLOAT'(으)로 변환하면서 데이터가 손실될 수 있습니다.
C:\Users\daun4\OneDrive\바탕 화면\진행중인 프로젝트\EmptyProject\cPlayer.cpp(134,42): warning C4244:  '인수': 'LONG'에서 'FLOAT'(으)로 변환하면서 데이터가 손실될 수 있습니다.
C:\Users\daun4\OneDrive\바탕 화면\진행중인 프로젝트\EmptyProject\cPlayer.cpp(134,27): warning C4244:  '인수': 'LONG'에서 'FLOAT'(으)로 변환하면서 데이터가 손실될 수 있습니다.
C:\Users\daun4\OneDrive\바탕 화면\진행중인 프로젝트\EmptyProject\cPlayer.cpp(134,83): warning C4244:  '인수': 'LONG'에서 'FLOAT'(으)로 변환하면서 데이터가 손실될 수 있습니다.
C:\Users\daun4\OneDrive\바탕 화면\진행중인 프로젝트\EmptyProject\cPlayer.cpp(134,69): warning C4244:  '인수': 'LONG'에서 'FLOAT'(으)로 변환하면서 데이터가 손실될 수 있습니다.
C:\Users\daun4\OneDrive\바탕 화면\진행중인 프로젝트\EmptyProject\cPlayer.cpp(138,42): warning C4244:  '인수': 'LONG'에서 'FLOAT'(으)로 변환하면서 데이터가 손실될 수 있습니다.
C:\Users\daun4\OneDrive\바탕 화면\진행중인 프로젝트\EmptyProject\cPlayer.cpp(138,27): warning C4244:  '인수': 'LONG'에서 'FLOAT'(으)로 변환하면서 데이터가 손실될 수 있습니다.
C:\Users\daun4\OneDrive\바탕 화면\진행중인 프로젝트\EmptyProject\cPlayer.cpp(138,83): warning C4244:  '인수': 'LONG'에서 'FLOAT'(으)로 변환하면서 데이터가 손실될 수 있습니다.
C:\Users\daun4\OneDrive\바탕 화면\진행중인 프로젝트\EmptyProject\cPlayer.cpp(138,69): warning C4244:  '인수': 'LONG'에서 'FLOAT'(으)로 변환하면서 데이터가 손실될 수 있습니다.
C:\Users\daun4\OneDrive\바탕 화면\진행중인 프로젝트\EmptyProject\cPlayer.cpp(140,42): warning C4244:  '인수': 'LONG'에서 'FLOAT'(으)로 변환하면서 데이터가 손실될 수 있습니다.
C:\Users\daun4\OneDrive\바탕 화면\진행중인 프로젝트\EmptyProject\cPlayer.cpp(140,27): warning C4244:  '인수': 'LONG'에서 'FLOAT'(으)로 변환하면서 데이터가 손실될 수 있습니다.
C:\Users\daun4\OneDrive\바탕 화면\진행중인 프로젝트\EmptyProject\cPlayer.cpp(140,83): warning C4244:  '인수': 'LONG'에서 'FLOAT'(으)로 변환하면서 데이터가 손실될 수 있습니다.
C:\Users\daun4\OneDrive\바탕 화면\진행중인 프로젝트\EmptyProject\cPlayer.cpp(140,69): warning C4244:  '인수': 'LONG'에서 'FLOAT'(으)로 변환하면서 데이터가 손실될 수 있습니다.
C:\Users\daun4\OneDrive\바탕 화면\진행중인 프로젝트\EmptyProject\cPlayer.cpp(142,42): warning C4244:  '인수': 'LONG'에서 'FLOAT'(으)로 변환하면서 데이터가 손실될 수 있습니다.
C:\Users\daun4\OneDrive\바탕 화면\진행중인 프로젝트\EmptyProject\cPlayer.cpp(142,27): warning C4244:  '인수': 'LONG'에서 'FLOAT'(으)로 변환하면서 데이터가 손실될 수 있습니다.
C:\Users\daun4\OneDrive\바탕 화면\진행중인 프로젝트\EmptyProject\cPlayer.cpp(142,83): warning C4244:  '인수': 'LONG'에서 'FLOAT'(으)로 변환하면서 데이터가 손실될 수 있습니다.
C:\Users\daun4\OneDrive\바탕 화면\진행중인 프로젝트\EmptyProject\cPlayer.cpp(142,69): warning C4244:  '인수': 'LONG'에서 'FLOAT'(으)로 변환하면서 데이터가 손실될 수 있습니다.
C:\Users\daun4\OneDrive\바탕 화면\진행중인 프로젝트\EmptyProject\cPlayer.cpp(144,42): warning C4244:  '인수': 'LONG'에서 'FLOAT'(으)로 변환하면서 데이터가 손실될 수 있습니다.
C:\Users\daun4\OneDrive\바탕 화면\진행중인 프로젝트\EmptyProject\cPlayer.cpp(144,27): warning C4244:  '인수': 'LONG'에서 'FLOAT'(으)로 변환하면서 데이터가 손실될 수 있습니다.
C:\Users\daun4\OneDrive\바탕 화면\진행중인 프로젝트\EmptyProject\cPlayer.cpp(144,83): warning C4244:  '인수': 'LONG'에서 'FLOAT'(으)로 변환하면서 데이터가 손실될 수 있습니다.
C:\Users\daun4\OneDrive\바탕 화면\진행중인 프로젝트\EmptyProject\cPlayer.cpp(144,69): warning C4244:  '인수': 'LONG'에서 'FLOAT'(으)로 변환하면서 데이터가 손실될 수 있습니다.
C:\Users\daun4\OneDrive\바탕 화면\진행중인 프로젝트\EmptyProject\cPlayer.cpp(167,62): warning C4244:  '인수': 'int'에서 'float'(으)로 변환하면서 데이터가 손실될 수 있습니다.
C:\Users\daun4\OneDrive\바탕 화면\진행중인 프로젝트\EmptyProject\cPlayer.cpp(173,51): warning C4838:  'UINT'에서 'LONG'(으)로의 변환에는 축소 변환이 필요합니다.
  cPlayerBullet.cpp
C:\Users\daun4\OneDrive\바탕 화면\진행중인 프로젝트\EmptyProject\cPlayer.cpp(173,90): warning C4838:  'UINT'에서 'LONG'(으)로의 변환에는 축소 변환이 필요합니다.
C:\Users\daun4\OneDrive\바탕 화면\진행중인 프로젝트\EmptyProject\cPlayerBullet.cpp(39,35): warning C4244:  '인수': 'double'에서 'float'(으)로 변환하면서 데이터가 손실될 수 있습니다.
  cScene.cpp
  cSceneManager.cpp
  cScroolMap.cpp
C:\Users\daun4\OneDrive\바탕 화면\진행중인 프로젝트\EmptyProject\cPlayerBullet.cpp(40,35): warning C4244:  '인수': 'double'에서 'float'(으)로 변환하면서 데이터가 손실될 수 있습니다.
  cSquid.cpp
C:\Users\daun4\OneDrive\바탕 화면\진행중인 프로젝트\EmptyProject\cScroolMap.cpp(23,18): warning C4244:  '초기화 중': 'UINT'에서 'float'(으)로 변환하면서 데이터가 손실될 수 있습니다.
C:\Users\daun4\OneDrive\바탕 화면\진행중인 프로젝트\EmptyProject\cSquid.cpp(38,27): warning C4838:  'unsigned long'에서 'LONG'(으)로의 변환에는 축소 변환이 필요합니다.
C:\Users\daun4\OneDrive\바탕 화면\진행중인 프로젝트\EmptyProject\cSquid.cpp(39,27): warning C4838:  'unsigned long'에서 'LONG'(으)로의 변환에는 축소 변환이 필요합니다.
C:\Users\daun4\OneDrive\바탕 화면\진행중인 프로젝트\EmptyProject\cSquid.cpp(40,27): warning C4838:  'unsigned long'에서 'LONG'(으)로의 변환에는 축소 변환이 필요합니다.
  cStage_1.cpp
C:\Users\daun4\OneDrive\바탕 화면\진행중인 프로젝트\EmptyProject\cSquid.cpp(41,27): warning C4838:  'unsigned long'에서 'LONG'(으)로의 변환에는 축소 변환이 필요합니다.
C:\Users\daun4\OneDrive\바탕 화면\진행중인 프로젝트\EmptyProject\cStage_1.cpp(49,12): warning C4244:  '인수': 'time_t'에서 'unsigned int'(으)로 변환하면서 데이터가 손실될 수 있습니다.
  cStage_2.cpp
C:\Users\daun4\OneDrive\바탕 화면\진행중인 프로젝트\EmptyProject\cStage_1.cpp(52,17): warning C4244:  '초기화 중': 'int'에서 'float'(으)로 변환하면서 데이터가 손실될 수 있습니다.
  cStage_3.cpp
C:\Users\daun4\OneDrive\바탕 화면\진행중인 프로젝트\EmptyProject\cStage_2.cpp(50,12): warning C4244:  '인수': 'time_t'에서 'unsigned int'(으)로 변환하면서 데이터가 손실될 수 있습니다.
  cTitleScene.cpp
  cWindow.cpp
  cWndOption.cpp
C:\Users\daun4\OneDrive\바탕 화면\진행중인 프로젝트\EmptyProject\cStage_3.cpp(50,12): warning C4244:  '인수': 'time_t'에서 'unsigned int'(으)로 변환하면서 데이터가 손실될 수 있습니다.
  코드를 생성하고 있습니다.
  5 of 1746 functions ( 0.3%) were compiled, the rest were copied from previous compilation.
    0 functions were new in current compilation
    12 functions had inline decision re-evaluated but remain unchanged
  코드를 생성했습니다.
  EmptyProject_2010.vcxproj -> C:\Users\daun4\OneDrive\바탕 화면\진행중인 프로젝트\EmptyProject\Release\EmptyProject.exe
